Deal creation failed: Array
(
    [0] => Не заполнено обязательное поле "Кем обновлена"
    [1] => Не заполнено обязательное поле "Ответственный"
)
Deal creation failed: Array
(
    [0] => Не заполнено обязательное поле "Кем обновлена"
    [1] => Не заполнено обязательное поле "Ответственный"
)
Deal creation failed: Array
(
    [0] => Не заполнено обязательное поле "Кем обновлена"
)
Deal creation failed: Array
(
    [0] => Не заполнено обязательное поле "Кем обновлена"
)
Deal creation failed: Array
(
    [0] => Не заполнено обязательное поле "Кем обновлена"
)
Deal creation failed: Array
(
    [0] => Не заполнено обязательное поле "Кем обновлена"
)
Deal creation failed: Array
(
    [0] => Не заполнено обязательное поле "Кем обновлена"
)
Deal creation failed: Array
(
    [0] => Не заполнено обязательное поле "Кем обновлена"
)
Deal creation failed: Array
(
    [0] => Не заполнено обязательное поле "Кем обновлена"
)
Deal creation failed: Array
(
    [0] => Не заполнено обязательное поле "Кем обновлена"
)
Deal creation failed: Array
(
    [0] => Не заполнено обязательное поле "Кем обновлена"
)
Deal creation failed: Array
(
    [0] => Не заполнено обязательное поле "Кем обновлена"
)
Deal creation failed: Array
(
    [0] => Не заполнено обязательное поле "Кем обновлена"
)
Deal creation failed: Array
(
    [0] => Не заполнено обязательное поле "Кем обновлена"
)
Deal creation failed: Array
(
    [0] => Не заполнено обязательное поле "Кем обновлена"
)
Deal creation failed: Array
(
    [0] => Не заполнено обязательное поле "Кем обновлена"
)
Deal creation failed: Array
(
    [0] => Не заполнено обязательное поле "Кем обновлена"
)
Deal creation failed: Array
(
    [0] => Не заполнено обязательное поле "Кем обновлена"
)
Deal creation failed: Array
(
    [0] => Не заполнено обязательное поле "Кем обновлена"
)
Deal creation failed: Array
(
    [0] => Не заполнено обязательное поле "Кем обновлена"
)
Deal creation failed: Array
(
    [0] => Не заполнено обязательное поле "Кем обновлена"
)
Deal creation failed: Array
(
    [0] => Не заполнено обязательное поле "Кем обновлена"
)
Deal creation failed: Array
(
    [0] => Не заполнено обязательное поле "Кем обновлена"
)
Deal creation failed: Array
(
    [0] => Не заполнено обязательное поле "Кем обновлена"
)
Deal creation failed: Array
(
    [0] => Не заполнено обязательное поле "Кем обновлена"
)
Deal creation failed: Array
(
    [0] => Не заполнено обязательное поле "Кем обновлена"
)
Deal creation failed: Array
(
    [0] => Не заполнено обязательное поле "Кем обновлена"
)
Deal creation failed: Array
(
    [0] => Не заполнено обязательное поле "Кем обновлена"
)
Deal creation failed: Array
(
    [0] => Не заполнено обязательное поле "Кем обновлена"
)
Array
(
    [0] => Не заполнено обязательное поле "Кем обновлена"
)
Array
(
    [0] => Не заполнено обязательное поле "Кем обновлена"
)
Array
(
    [0] => Не заполнено обязательное поле "Кем обновлена"
)
Array
(
    [0] => Не заполнено обязательное поле "Кем обновлена"
)
Array
(
    [0] => Не заполнено обязательное поле "Кем обновлена"
)
Array
(
    [0] => Не заполнено обязательное поле "Кем обновлена"
)
Array
(
    [0] => Не заполнено обязательное поле "Кем обновлена"
)
Array
(
    [0] => Не заполнено обязательное поле "Кем обновлена"
)
Array
(
    [0] => Не заполнено обязательное поле "Кем обновлена"
)
Array
(
    [0] => Не заполнено обязательное поле "Кем обновлена"
)
